Determining if the pthread_create exist failed with the following output:
Change Dir: /work/cmake/CMakeFiles/CMakeTmp

Run Build Command:"/usr/bin/make" "cmTC_5a469/fast"
/usr/bin/make -f CMakeFiles/cmTC_5a469.dir/build.make CMakeFiles/cmTC_5a469.dir/build
make[1]: Entering directory '/work/cmake/CMakeFiles/CMakeTmp'
Building CXX object CMakeFiles/cmTC_5a469.dir/CheckSymbolExists.cxx.o
/usr/bin/c++    -std=gnu++1z -o CMakeFiles/cmTC_5a469.dir/CheckSymbolExists.cxx.o -c /work/cmake/CMakeFiles/CMakeTmp/CheckSymbolExists.cxx
Linking CXX executable cmTC_5a469
/usr/bin/cmake -E cmake_link_script CMakeFiles/cmTC_5a469.dir/link.txt --verbose=1
/usr/bin/c++       CMakeFiles/cmTC_5a469.dir/CheckSymbolExists.cxx.o  -o cmTC_5a469 
CMakeFiles/cmTC_5a469.dir/CheckSymbolExists.cxx.o: In function `main':
CheckSymbolExists.cxx:(.text+0x1b): undefined reference to `pthread_create'
collect2: error: ld returned 1 exit status
CMakeFiles/cmTC_5a469.dir/build.make:97: recipe for target 'cmTC_5a469' failed
make[1]: *** [cmTC_5a469] Error 1
make[1]: Leaving directory '/work/cmake/CMakeFiles/CMakeTmp'
Makefile:126: recipe for target 'cmTC_5a469/fast' failed
make: *** [cmTC_5a469/fast] Error 2

File /work/cmake/CMakeFiles/CMakeTmp/CheckSymbolExists.cxx:
/* */
#include <pthread.h>

int main(int argc, char** argv)
{
  (void)argv;
#ifndef pthread_create
  return ((int*)(&pthread_create))[argc];
#else
  (void)argc;
  return 0;
#endif
}

